{
  "RSpec": {
    "coverage": {
      "/home/runner/work/mythographer/mythographer/app/channels/application_cable/channel.rb": {
        "lines": [
          1,
          1,
          null,
          null
        ]
      },
      "/home/runner/work/mythographer/mythographer/app/channels/application_cable/connection.rb": {
        "lines": [
          1,
          1,
          null,
          null
        ]
      },
      "/home/runner/work/mythographer/mythographer/app/controllers/application_controller.rb": {
        "lines": [
          1,
          null
        ]
      },
      "/home/runner/work/mythographer/mythographer/app/helpers/application_helper.rb": {
        "lines": [
          1,
          null
        ]
      },
      "/home/runner/work/mythographer/mythographer/app/helpers/gods_helper.rb": {
        "lines": [
          1,
          null
        ]
      },
      "/home/runner/work/mythographer/mythographer/app/helpers/story_gods_helper.rb": {
        "lines": [
          1,
          null
        ]
      },
      "/home/runner/work/mythographer/mythographer/app/controllers/gods_controller.rb": {
        "lines": [
          1,
          1,
          0,
          null,
          null
        ]
      },
      "/home/runner/work/mythographer/mythographer/app/controllers/mythologies_controller.rb": {
        "lines": [
          1,
          1,
          0,
          null,
          null
        ]
      },
      "/home/runner/work/mythographer/mythographer/app/controllers/stories_controller.rb": {
        "lines": [
          1,
          1,
          null,
          1,
          3,
          null,
          null,
          1,
          1,
          null,
          0,
          null,
          null,
          1,
          2,
          2,
          2,
          2,
          null,
          null,
          1,
          null,
          null,
          1,
          2,
          2,
          null,
          2,
          1,
          1,
          null,
          1,
          1,
          1,
          null,
          null,
          null,
          1,
          0,
          0,
          null,
          0,
          null,
          null,
          null,
          1,
          0,
          0,
          null,
          null,
          1,
          null,
          1,
          1,
          null,
          null,
          1,
          2,
          null,
          null,
          null
        ]
      },
      "/home/runner/work/mythographer/mythographer/app/controllers/story_gods_controller.rb": {
        "lines": [
          1,
          1,
          1,
          null,
          1,
          0,
          null,
          null,
          1,
          null,
          null,
          1,
          0,
          null,
          null,
          1,
          null,
          null,
          1,
          0,
          null,
          null,
          1,
          null,
          null,
          1,
          0,
          null,
          null,
          1,
          null,
          1,
          0,
          null,
          null,
          1,
          0,
          null,
          null,
          1,
          0,
          null,
          null
        ]
      },
      "/home/runner/work/mythographer/mythographer/app/jobs/application_job.rb": {
        "lines": [
          1,
          null,
          null,
          null,
          null,
          null,
          null
        ]
      },
      "/home/runner/work/mythographer/mythographer/app/jobs/story_create_job.rb": {
        "lines": [
          1,
          1,
          null,
          1,
          2,
          null,
          2,
          null,
          2,
          null,
          0,
          null,
          0,
          null,
          null,
          1,
          1,
          null,
          1,
          1,
          0,
          null,
          null,
          1,
          1,
          1,
          null,
          null,
          1,
          null,
          null
        ]
      },
      "/home/runner/work/mythographer/mythographer/app/mailers/application_mailer.rb": {
        "lines": [
          1,
          1,
          1,
          null
        ]
      },
      "/home/runner/work/mythographer/mythographer/app/models/application_record.rb": {
        "lines": [
          1,
          1,
          null
        ]
      },
      "/home/runner/work/mythographer/mythographer/app/models/god.rb": {
        "lines": [
          1,
          1,
          1,
          null,
          1,
          null
        ]
      },
      "/home/runner/work/mythographer/mythographer/app/models/mythology.rb": {
        "lines": [
          1,
          null
        ]
      },
      "/home/runner/work/mythographer/mythographer/app/models/pantheon.rb": {
        "lines": [
          1,
          null
        ]
      },
      "/home/runner/work/mythographer/mythographer/app/models/story.rb": {
        "lines": [
          1,
          1,
          null,
          1,
          1,
          null,
          1,
          1,
          1,
          null,
          1,
          null,
          null,
          null,
          null,
          1,
          null,
          1,
          null,
          1,
          3,
          null,
          null,
          1,
          null,
          3,
          null,
          0,
          null,
          null,
          null
        ]
      },
      "/home/runner/work/mythographer/mythographer/app/models/story_god.rb": {
        "lines": [
          1,
          1,
          1,
          null,
          null,
          1,
          1,
          null,
          1,
          0,
          null,
          null,
          null,
          1,
          null,
          null,
          null,
          null,
          null,
          null,
          null,
          null,
          null,
          1,
          null,
          null,
          null
        ]
      }
    },
    "timestamp": 1705777936
  }
}
